2024-11-15 07:51:03.781274: I tensorflow/core/platform/cpu_feature_guard.cc:182] This TensorFlow binary is optimized to use available CPU instructions in performance-critical operations.
To enable the following instructions: SSE SSE2 SSE3 SSE4.1 SSE4.2 AVX AVX2 FMA, in other operations, rebuild TensorFlow with the appropriate compiler flags.
(348607, 54)
(116202, 54)
(116203, 54)
(array([0., 1., 2., 3., 4., 5., 6.], dtype=float32), array([127087, 169929,  21514,   1631,   5653,  10418,  12375],
      dtype=int64))
(array([0., 1., 2., 3., 4., 5., 6.], dtype=float32), array([42313, 56744,  7048,   564,  1909,  3480,  4144], dtype=int64))
(array([0., 1., 2., 3., 4., 5., 6.], dtype=float32), array([42440, 56628,  7192,   552,  1931,  3469,  3991], dtype=int64))
{0: 0.39186541503064826, 1: 0.2930694584208699, 2: 2.3148182578785903, 3: 30.534028203556097, 4: 8.809658588360163, 5: 4.780284123632175, 6: 4.0243232323232325}
n_classes: 7
n_features: 54
Epoch 1/100
681/681 - 51s - loss: 0.7316 - accuracy: 0.5801 - val_loss: 0.8283 - val_accuracy: 0.6230 - 51s/epoch - 76ms/step
Epoch 2/100
681/681 - 20s - loss: 0.6162 - accuracy: 0.6315 - val_loss: 0.8343 - val_accuracy: 0.6199 - 20s/epoch - 29ms/step
Epoch 3/100
681/681 - 20s - loss: 0.5764 - accuracy: 0.6491 - val_loss: 0.8220 - val_accuracy: 0.6359 - 20s/epoch - 29ms/step
Epoch 4/100
681/681 - 22s - loss: 0.5521 - accuracy: 0.6608 - val_loss: 0.7320 - val_accuracy: 0.6748 - 22s/epoch - 32ms/step
Epoch 5/100
681/681 - 23s - loss: 0.5315 - accuracy: 0.6707 - val_loss: 0.7761 - val_accuracy: 0.6573 - 23s/epoch - 33ms/step
Epoch 6/100
681/681 - 25s - loss: 0.5176 - accuracy: 0.6774 - val_loss: 0.8370 - val_accuracy: 0.6378 - 25s/epoch - 37ms/step
Epoch 7/100
681/681 - 22s - loss: 0.5057 - accuracy: 0.6811 - val_loss: 0.7676 - val_accuracy: 0.6567 - 22s/epoch - 32ms/step
Epoch 8/100
681/681 - 24s - loss: 0.4958 - accuracy: 0.6844 - val_loss: 0.7426 - val_accuracy: 0.6763 - 24s/epoch - 35ms/step
Epoch 9/100
681/681 - 27s - loss: 0.4933 - accuracy: 0.6844 - val_loss: 0.7440 - val_accuracy: 0.6712 - 27s/epoch - 39ms/step
Epoch 10/100
681/681 - 28s - loss: 0.4836 - accuracy: 0.6880 - val_loss: 0.6810 - val_accuracy: 0.6927 - 28s/epoch - 41ms/step
Epoch 11/100
681/681 - 32s - loss: 0.4786 - accuracy: 0.6901 - val_loss: 0.6765 - val_accuracy: 0.6979 - 32s/epoch - 46ms/step
Epoch 12/100
681/681 - 28s - loss: 0.4745 - accuracy: 0.6908 - val_loss: 0.6953 - val_accuracy: 0.6860 - 28s/epoch - 41ms/step
Epoch 13/100
681/681 - 26s - loss: 0.4724 - accuracy: 0.6923 - val_loss: 0.6678 - val_accuracy: 0.6987 - 26s/epoch - 39ms/step
Epoch 14/100
681/681 - 27s - loss: 0.4665 - accuracy: 0.6935 - val_loss: 0.6947 - val_accuracy: 0.6906 - 27s/epoch - 39ms/step
Epoch 15/100
681/681 - 25s - loss: 0.4635 - accuracy: 0.6955 - val_loss: 0.6389 - val_accuracy: 0.7140 - 25s/epoch - 36ms/step
Epoch 16/100
681/681 - 25s - loss: 0.4624 - accuracy: 0.6969 - val_loss: 0.7048 - val_accuracy: 0.6884 - 25s/epoch - 37ms/step
Epoch 17/100
681/681 - 22s - loss: 0.4560 - accuracy: 0.6991 - val_loss: 0.6560 - val_accuracy: 0.7038 - 22s/epoch - 32ms/step
Epoch 18/100
681/681 - 24s - loss: 0.4581 - accuracy: 0.6994 - val_loss: 0.6643 - val_accuracy: 0.7073 - 24s/epoch - 36ms/step
Epoch 19/100
681/681 - 30s - loss: 0.4503 - accuracy: 0.7012 - val_loss: 0.7014 - val_accuracy: 0.6870 - 30s/epoch - 44ms/step
Epoch 20/100
681/681 - 29s - loss: 0.4527 - accuracy: 0.6997 - val_loss: 0.6416 - val_accuracy: 0.7157 - 29s/epoch - 42ms/step
Epoch 21/100
681/681 - 28s - loss: 0.4498 - accuracy: 0.7023 - val_loss: 0.6591 - val_accuracy: 0.7000 - 28s/epoch - 41ms/step
Epoch 22/100
681/681 - 28s - loss: 0.4498 - accuracy: 0.7014 - val_loss: 0.6820 - val_accuracy: 0.7013 - 28s/epoch - 41ms/step
Epoch 23/100
681/681 - 28s - loss: 0.4489 - accuracy: 0.7027 - val_loss: 0.6689 - val_accuracy: 0.7041 - 28s/epoch - 41ms/step
Epoch 24/100
681/681 - 35s - loss: 0.4478 - accuracy: 0.7023 - val_loss: 0.6650 - val_accuracy: 0.7041 - 35s/epoch - 52ms/step
Epoch 25/100
681/681 - 33s - loss: 0.4458 - accuracy: 0.7030 - val_loss: 0.6644 - val_accuracy: 0.7003 - 33s/epoch - 49ms/step
0.7021419412579709
[[34240  5023    12     0   749    69  2347]
 [15119 33392   571    11  5621  1664   250]
 [    1   114  4819   337   304  1617     0]
 [    0     0    18   519     0    15     0]
 [   20    86    10     0  1789    26     0]
 [    0    38   298    81    28  3024     0]
 [  178     3     0     0     2     0  3808]]
              precision    recall  f1-score   support

         0.0       0.69      0.81      0.74     42440
         1.0       0.86      0.59      0.70     56628
         2.0       0.84      0.67      0.75      7192
         3.0       0.55      0.94      0.69       552
         4.0       0.21      0.93      0.34      1931
         5.0       0.47      0.87      0.61      3469
         6.0       0.59      0.95      0.73      3991

    accuracy                           0.70    116203
   macro avg       0.60      0.82      0.65    116203
weighted avg       0.77      0.70      0.71    116203

Elevation: 0.037712469696998596
Aspect: 0.017950162291526794
Slope: 0.017952021211385727
Horizontal_Distance_To_Hydrology: 0.018145430833101273
Vertical_Distance_To_Hydrology: 0.017951300367712975
Horizontal_Distance_To_Roadways: 0.0255839005112648
Hillshade_9am: 0.017956402152776718
Hillshade_Noon: 0.01795562356710434
Hillshade_3pm: 0.01794985868036747
Horizontal_Distance_To_Fire_Points: 0.020858604460954666
Wilderness_Area1: 0.01800980605185032
Wilderness_Area2: 0.01795089989900589
Wilderness_Area3: 0.017952371388673782
Wilderness_Area4: 0.017965376377105713
Soil_Type1: 0.017950473353266716
Soil_Type2: 0.017950819805264473
Soil_Type3: 0.017951060086488724
Soil_Type4: 0.01795097254216671
Soil_Type5: 0.017950305715203285
Soil_Type6: 0.017950300127267838
Soil_Type7: 0.017949990928173065
Soil_Type8: 0.017949970439076424
Soil_Type9: 0.017949983477592468
Soil_Type10: 0.017954112961888313
Soil_Type11: 0.01795007288455963
Soil_Type12: 0.01795155182480812
Soil_Type13: 0.01795009896159172
Soil_Type14: 0.01795024611055851
Soil_Type15: 0.017950020730495453
Soil_Type16: 0.017949748784303665
Soil_Type17: 0.017951449379324913
Soil_Type18: 0.017949992790818214
Soil_Type19: 0.017949968576431274
Soil_Type20: 0.01795027032494545
Soil_Type21: 0.01794985868036747
Soil_Type22: 0.01795177161693573
Soil_Type23: 0.017950069159269333
Soil_Type24: 0.017950838431715965
Soil_Type25: 0.017949948087334633
Soil_Type26: 0.01794986054301262
Soil_Type27: 0.017949897795915604
Soil_Type28: 0.01795007474720478
Soil_Type29: 0.01795101910829544
Soil_Type30: 0.01795092038810253
Soil_Type31: 0.01795017346739769
Soil_Type32: 0.017950277775526047
Soil_Type33: 0.017950663343071938
Soil_Type34: 0.01794997975230217
Soil_Type35: 0.01795019768178463
Soil_Type36: 0.01795005239546299
Soil_Type37: 0.018035685643553734
Soil_Type38: 0.017951104789972305
Soil_Type39: 0.017951413989067078
Soil_Type40: 0.01795048825442791
